  BulletMovementSystem.cpp
  ColliderSystem.cpp
  ECS.cpp
D:\DirectXPersonalProjectFolder\ECSProject\ECSShootingGameProject\슈팅게임\ECS.cpp(20,24): warning C4018: '<': signed 또는 unsigned가 일치하지 않습니다.
D:\DirectXPersonalProjectFolder\ECSProject\ECSShootingGameProject\슈팅게임\ThreadPool.h(75,12): warning C4018: '>=': signed 또는 unsigned가 일치하지 않습니다.
D:\DirectXPersonalProjectFolder\ECSProject\ECSShootingGameProject\슈팅게임\ECS.cpp(22): message : 컴파일되는 함수 템플릿 인스턴스화 'void ThreadPool::SetEndFunction<std::_Binder<std::_Unforced,void (__thiscall ECS::* )(void),ECS *>,>(int,F &&)'에 대한 참조를 확인하세요.
          with
          [
              F=std::_Binder<std::_Unforced,void (__thiscall ECS::* )(void),ECS *>
          ]
  EnemyDrawSystem.cpp
  EnemyMovementSystem.cpp
  InputSystem.cpp
  PlayerBulletDrawSystem.cpp
  main.cpp
D:\DirectXPersonalProjectFolder\ECSProject\ECSShootingGameProject\슈팅게임\main.cpp(17,12): warning C4244: '인수': 'time_t'에서 'unsigned int'(으)로 변환하면서 데이터가 손실될 수 있습니다.
  코드를 생성하고 있습니다.
  9 of 1224 functions ( 0.7%) were compiled, the rest were copied from previous compilation.
    4 functions were new in current compilation
    44 functions had inline decision re-evaluated but remain unchanged
  코드를 생성했습니다.
  슈팅게임.vcxproj -> D:\DirectXPersonalProjectFolder\ECSProject\ECSShootingGameProject\Release\슈팅게임.exe
